
ROM used: 4698 (14%)
          4698 (14%) including unused fragments

          6 Average locations per line
          19 Average locations per statement

RAM used: 60 (4%) at main() level
          98 (6%) worst case

Stack used: 5 worst case (out of 31 total available)

Lines Stmts  %   Files
----- ----- ---  -----
  347   241 100  main.c
   27     0   0  ..\projet\main.h
  354     0   0  C:\Program Files (x86)\PICC\devices\18F452.h
----- -----
  728   241 Total

Page ROM  %  RAM   Vol Diff  Functions:
---- --- --- ---   --- ----  ----------
0     38   0   1             @delay_ms1
0     30   0   0    69  1.6  defaut
0    230   2   0   295  2.3  time
0     18   0   0    39  1.3  cls
0     50   1   0   321  1.9  reset
0   1968  21   4  4778  7.4  EXT_isr
0     84   1  14             @MUL3232
0     18   0   0             @const108
0     32   0   3             @PSTRINGCN_9600_31766_31767
0     20   0   0             @const112
0     40   0   3             @DIV88
0    210   2   6             @PRINTF_D_9600_31766_31767
0     22   0   0             @const120
0    122   1  13             @DIV3232
0     24   0   0             @const124
0    164   2   9             @PRINTF_LU_9600_31766_31767
0     28   0   0             @const127
0     24   0   0             @const128
0     22   0   0             @const129
0     24   0   0             @const130
0     22   0   0             @const131
0    530   6   2  1912  7.3  MAIN
0     56   1   2             @ITOF
0     24   0   0             @const136
0    244   3  11             @MULFF
0     64   1   5             @FTOSD
0    420   4  13             @PRINTF_L32D_9600_31766_31767FPFPF
0     24   0   0             @const145

Program metrics:
    Functions               6
    Statements              241
    Comments                120
    Volume (V)              9130
    Difficilty (D)          21.7
    Effort to implement (E) 197878
    Time to implement (T)   3 hours, 3 minutes
    Est Delivered Bugs (B)  1
    Cyclomatic Complexity   37
    Maintainability (MI)    102

 Segment     Used  Free
-----------  ----  ----
00000-00002     4  0  
00004-00006     0  4  
00008-00094   142  0  
00096-07FFE  4552  28066  



